
User mdridrrrr(ID: 64150fb6ffd0539cb1a623e2) reserved book Python is easy(ID: 6414edadadad0de5ca050a0d) at Sat Mar 18 2023 04:47:21 GMT+0300 (East Africa Time)
User mdridrrrr(ID: 64150fb6ffd0539cb1a623e2) reserved book Python is easy(ID: 6414edadadad0de5ca050a0d) at Sat Mar 18 2023 04:47:21 GMT+0300 (East Africa Time)
User mdridrrrr(ID: 64150fb6ffd0539cb1a623e2) released book Python is easy(ID: 6414edadadad0de5ca050a0d) at Sat Mar 18 2023 04:47:22 GMT+0300 (East Africa Time)
User mdridrrrr(ID: 64150fb6ffd0539cb1a623e2) released book Python is easy(ID: 6414edadadad0de5ca050a0d) at Sat Mar 18 2023 04:47:22 GMT+0300 (East Africa Time)
User mdridrrrr(ID: 64150fb6ffd0539cb1a623e2) reserved book Python is easy(ID: 6414edadadad0de5ca050a0d) at Sat Mar 18 2023 06:05:09 GMT+0300 (East Africa Time)
User mdridrrrr(ID: 64150fb6ffd0539cb1a623e2) reserved book Python is easy(ID: 6414edadadad0de5ca050a0d) at Sat Mar 18 2023 06:05:09 GMT+0300 (East Africa Time)
User mdridrrrr(ID: 64150fb6ffd0539cb1a623e2) released book Python is easy(ID: 6414edadadad0de5ca050a0d) at Sat Mar 18 2023 06:05:15 GMT+0300 (East Africa Time)
User mdridrrrr(ID: 64150fb6ffd0539cb1a623e2) released book Python is easy(ID: 6414edadadad0de5ca050a0d) at Sat Mar 18 2023 06:05:15 GMT+0300 (East Africa Time)
User mdridrrrr(ID: 64150fb6ffd0539cb1a623e2) Logged in at Sat Mar 18 2023 06:09:45 GMT+0300 (East Africa Time)
User mdridrrrr(ID: 64150fb6ffd0539cb1a623e2) Logged in at Sat Mar 18 2023 06:09:55 GMT+0300 (East Africa Time)
User mdridrrrr(ID: 64150fb6ffd0539cb1a623e2) Logged in at Sat Mar 18 2023 06:12:34 GMT+0300 (East Africa Time)
User mdridrrrr(ID: 64150fb6ffd0539cb1a623e2) Logged in at Sat Mar 18 2023 06:13:34 GMT+0300 (East Africa Time)
User mdridrrrr(ID: 64150fb6ffd0539cb1a623e2) Logged in at Sat Mar 18 2023 06:14:01 GMT+0300 (East Africa Time)
User mdridrrrr(ID: 64150fb6ffd0539cb1a623e2) Logged in at Sat Mar 18 2023 06:18:55 GMT+0300 (East Africa Time)
User mdridrrrr(ID: 64150fb6ffd0539cb1a623e2) Logged in at Sat Mar 18 2023 06:25:13 GMT+0300 (East Africa Time)
User mdridrrrr(ID: 64150fb6ffd0539cb1a623e2) Logged in at Sat Mar 18 2023 06:27:04 GMT+0300 (East Africa Time)
User mdridrrrr(ID: 64150fb6ffd0539cb1a623e2) Logged in at Sat Mar 18 2023 06:28:07 GMT+0300 (East Africa Time)
User mdridrrrr(ID: 64150fb6ffd0539cb1a623e2) Logged in at Sat Mar 18 2023 06:29:07 GMT+0300 (East Africa Time)
User mdridrrrr(ID: 64150fb6ffd0539cb1a623e2) Logged in at Sat Mar 18 2023 06:31:03 GMT+0300 (East Africa Time)
User mdridrrrr(ID: 64150fb6ffd0539cb1a623e2) Logged in at Sat Mar 18 2023 06:32:43 GMT+0300 (East Africa Time)
User mdridrrrr(ID: 64150fb6ffd0539cb1a623e2) Logged in at Sat Mar 18 2023 06:38:28 GMT+0300 (East Africa Time)
User mdridrrrrrrrr(ID: 6415328a9000137777f266d2) was Created at Sat Mar 18 2023 06:39:54 GMT+0300 (East Africa Time)
User mdridrrrr(ID: 64150fb6ffd0539cb1a623e2) Logged in at Sat Mar 18 2023 06:39:57 GMT+0300 (East Africa Time)
User mdridrrrrrrrrr(ID: 641537089000137777f266e2) was Created at Sat Mar 18 2023 06:59:04 GMT+0300 (East Africa Time)
User mdridrrrrrrrrr(ID: 641537089000137777f266e2) Logged in at Sat Mar 18 2023 06:59:07 GMT+0300 (East Africa Time)
User mdridrrrrrrrrr(ID: 641537089000137777f266e2) Logged in at Sat Mar 18 2023 06:59:17 GMT+0300 (East Africa Time)
User mdridrrrrrrrrr(ID: 641537089000137777f266e2) reserved book Python is easy(ID: 6414edadadad0de5ca050a0d) at Sat Mar 18 2023 06:59:31 GMT+0300 (East Africa Time)
User mdridrrrrrrrrr(ID: 641537089000137777f266e2) reserved book Python is easy(ID: 6414edadadad0de5ca050a0d) at Sat Mar 18 2023 06:59:31 GMT+0300 (East Africa Time)
User mdridrrrrrrrrr(ID: 641537089000137777f266e2) released book Python is easy(ID: 6414edadadad0de5ca050a0d) at Sat Mar 18 2023 07:00:15 GMT+0300 (East Africa Time)
User mdridrrrrrrrrr(ID: 641537089000137777f266e2) released book Python is easy(ID: 6414edadadad0de5ca050a0d) at Sat Mar 18 2023 07:00:15 GMT+0300 (East Africa Time)
User mdridrrrrrrrrr(ID: 641537089000137777f266e2) reserved book You need to know this(ID: 6414edadadad0de5ca050a12) at Sat Mar 18 2023 07:00:18 GMT+0300 (East Africa Time)
User mdridrrrrrrrrr(ID: 641537089000137777f266e2) reserved book You need to know this(ID: 6414edadadad0de5ca050a12) at Sat Mar 18 2023 07:00:18 GMT+0300 (East Africa Time)
User mdridrrrrrrrrr(ID: 641537089000137777f266e2) released book You need to know this(ID: 6414edadadad0de5ca050a12) at Sat Mar 18 2023 07:00:19 GMT+0300 (East Africa Time)
User mdridrrrrrrrrr(ID: 641537089000137777f266e2) released book You need to know this(ID: 6414edadadad0de5ca050a12) at Sat Mar 18 2023 07:00:19 GMT+0300 (East Africa Time)
User mdridrrrrrrrrr(ID: 641537089000137777f266e2) reserved book Python is easy(ID: 6414edadadad0de5ca050a0d) at Sat Mar 18 2023 07:00:39 GMT+0300 (East Africa Time)
User mdridrrrrrrrrr(ID: 641537089000137777f266e2) reserved book Python is easy(ID: 6414edadadad0de5ca050a0d) at Sat Mar 18 2023 07:00:39 GMT+0300 (East Africa Time)
User mdridrrrrrrrrr(ID: 641537089000137777f266e2) released book Python is easy(ID: 6414edadadad0de5ca050a0d) at Sat Mar 18 2023 07:01:01 GMT+0300 (East Africa Time)
User mdridrrrrrrrrr(ID: 641537089000137777f266e2) released book Python is easy(ID: 6414edadadad0de5ca050a0d) at Sat Mar 18 2023 07:01:01 GMT+0300 (East Africa Time)
User mdridrrrrrrrrr(ID: 641537089000137777f266e2) Logged in at Sat Mar 18 2023 07:01:16 GMT+0300 (East Africa Time)
User mdridrrrrrrrrr(ID: 641537089000137777f266e2) Logged in at Sat Mar 18 2023 09:46:20 GMT+0300 (East Africa Time)
User mdridrrrrrrrrr(ID: 641537089000137777f266e2) reserved book Python is easy(ID: 6414edadadad0de5ca050a0d) at Sat Mar 18 2023 09:46:22 GMT+0300 (East Africa Time)
User mdridrrrrrrrrr(ID: 641537089000137777f266e2) reserved book Python is easy(ID: 6414edadadad0de5ca050a0d) at Sat Mar 18 2023 09:46:22 GMT+0300 (East Africa Time)
User mdridrrrrrrrrr(ID: 641537089000137777f266e2) released book Python is easy(ID: 6414edadadad0de5ca050a0d) at Sat Mar 18 2023 09:46:24 GMT+0300 (East Africa Time)
User mdridrrrrrrrrr(ID: 641537089000137777f266e2) released book Python is easy(ID: 6414edadadad0de5ca050a0d) at Sat Mar 18 2023 09:46:24 GMT+0300 (East Africa Time)
User mdridrrrrrrrrr(ID: 641537089000137777f266e2) reserved book Python is easy(ID: 6414edadadad0de5ca050a0d) at Sat Mar 18 2023 09:47:01 GMT+0300 (East Africa Time)
User mdridrrrrrrrrr(ID: 641537089000137777f266e2) reserved book Python is easy(ID: 6414edadadad0de5ca050a0d) at Sat Mar 18 2023 09:47:01 GMT+0300 (East Africa Time)
User mdridrrrrrrrrr(ID: 641537089000137777f266e2) released book Python is easy(ID: 6414edadadad0de5ca050a0d) at Sat Mar 18 2023 09:47:04 GMT+0300 (East Africa Time)
User mdridrrrrrrrrr(ID: 641537089000137777f266e2) released book Python is easy(ID: 6414edadadad0de5ca050a0d) at Sat Mar 18 2023 09:47:04 GMT+0300 (East Africa Time)
User mdridrrrrrrrrr(ID: 641537089000137777f266e2) Logged in at Sat Mar 18 2023 09:59:24 GMT+0300 (East Africa Time)
User mdridrrrrrrrrr(ID: 641537089000137777f266e2) Logged in at Sat Mar 18 2023 10:19:28 GMT+0300 (East Africa Time)
User ebenezer esh(ID: 6414edadadad0de5ca050a00) Logged in at Fri Mar 24 2023 11:36:40 GMT+0300 (East Africa Time)
User ebenezer esh(ID: 6414edadadad0de5ca050a00) reserved book Python is easy(ID: 6414edadadad0de5ca050a0d) at Fri Mar 24 2023 11:37:09 GMT+0300 (East Africa Time)
User ebenezer esh(ID: 6414edadadad0de5ca050a00) reserved book Python is easy(ID: 6414edadadad0de5ca050a0d) at Fri Mar 24 2023 11:37:09 GMT+0300 (East Africa Time)
User ebenezer esh(ID: 6414edadadad0de5ca050a00) released book Python is easy(ID: 6414edadadad0de5ca050a0d) at Fri Mar 24 2023 11:37:19 GMT+0300 (East Africa Time)
User ebenezer esh(ID: 6414edadadad0de5ca050a00) released book Python is easy(ID: 6414edadadad0de5ca050a0d) at Fri Mar 24 2023 11:37:19 GMT+0300 (East Africa Time)
User ebenezer esh(ID: 6414edadadad0de5ca050a00) reserved book You need to know this(ID: 6414edadadad0de5ca050a12) at Fri Mar 24 2023 11:37:31 GMT+0300 (East Africa Time)
User ebenezer esh(ID: 6414edadadad0de5ca050a00) reserved book You need to know this(ID: 6414edadadad0de5ca050a12) at Fri Mar 24 2023 11:37:31 GMT+0300 (East Africa Time)
User ebenezer esh(ID: 6414edadadad0de5ca050a00) released book You need to know this(ID: 6414edadadad0de5ca050a12) at Fri Mar 24 2023 11:37:42 GMT+0300 (East Africa Time)
User ebenezer esh(ID: 6414edadadad0de5ca050a00) released book You need to know this(ID: 6414edadadad0de5ca050a12) at Fri Mar 24 2023 11:37:42 GMT+0300 (East Africa Time)
User ebenezer esh(ID: 6414edadadad0de5ca050a00) reserved book Top 10 leading technologies(ID: 6414edadadad0de5ca050a11) at Fri Mar 24 2023 11:38:20 GMT+0300 (East Africa Time)
User ebenezer esh(ID: 6414edadadad0de5ca050a00) reserved book Top 10 leading technologies(ID: 6414edadadad0de5ca050a11) at Fri Mar 24 2023 11:38:20 GMT+0300 (East Africa Time)
User ebenezer esh(ID: 6414edadadad0de5ca050a00) released book Top 10 leading technologies(ID: 6414edadadad0de5ca050a11) at Fri Mar 24 2023 11:38:21 GMT+0300 (East Africa Time)
User ebenezer esh(ID: 6414edadadad0de5ca050a00) released book Top 10 leading technologies(ID: 6414edadadad0de5ca050a11) at Fri Mar 24 2023 11:38:21 GMT+0300 (East Africa Time)
User mdridrr(ID: 6414fa3e438b62b7b4c53528) released book Learn full React course(ID: 6414edadadad0de5ca050a10) at Fri Mar 24 2023 11:39:14 GMT+0300 (East Africa Time)
User ebenezer esh(ID: 6414edadadad0de5ca050a00) reserved book Learn full React course(ID: 6414edadadad0de5ca050a10) at Fri Mar 24 2023 11:39:14 GMT+0300 (East Africa Time)
User ebenezer esh(ID: 6414edadadad0de5ca050a00) reserved book Learn full React course(ID: 6414edadadad0de5ca050a10) at Fri Mar 24 2023 11:39:14 GMT+0300 (East Africa Time)
User ebenezer esh(ID: 6414edadadad0de5ca050a00) released book Learn full React course(ID: 6414edadadad0de5ca050a10) at Fri Mar 24 2023 11:39:15 GMT+0300 (East Africa Time)
User ebenezer esh(ID: 6414edadadad0de5ca050a00) released book Learn full React course(ID: 6414edadadad0de5ca050a10) at Fri Mar 24 2023 11:39:15 GMT+0300 (East Africa Time)
User ebenezer esh(ID: 6414edadadad0de5ca050a00) reserved book Python is easy(ID: 6414edadadad0de5ca050a0d) at Fri Mar 24 2023 11:39:24 GMT+0300 (East Africa Time)
User ebenezer esh(ID: 6414edadadad0de5ca050a00) reserved book Python is easy(ID: 6414edadadad0de5ca050a0d) at Fri Mar 24 2023 11:39:24 GMT+0300 (East Africa Time)
User ebenezer esh(ID: 6414edadadad0de5ca050a00) released book Python is easy(ID: 6414edadadad0de5ca050a0d) at Fri Mar 24 2023 11:39:26 GMT+0300 (East Africa Time)
User ebenezer esh(ID: 6414edadadad0de5ca050a00) released book Python is easy(ID: 6414edadadad0de5ca050a0d) at Fri Mar 24 2023 11:39:26 GMT+0300 (East Africa Time)
User love test(ID: 641d6d7ef25ceac2e105522f) was Created at Fri Mar 24 2023 12:29:34 GMT+0300 (East Africa Time)
User love test(ID: 641d6d9fd334ecec0dcbfba3) was Created at Fri Mar 24 2023 12:30:07 GMT+0300 (East Africa Time)
User love test(ID: 641d6db25aa81c03fd73d9d5) was Created at Fri Mar 24 2023 12:30:26 GMT+0300 (East Africa Time)
User love test(ID: 641d6e02459191b3b62db39d) was Created at Fri Mar 24 2023 12:31:46 GMT+0300 (East Africa Time)
User love test(ID: 641d6efdec25d46a0206a0df) was Created at Fri Mar 24 2023 12:35:57 GMT+0300 (East Africa Time)
User love test(ID: 641d6fba52fff749b3fad51a) was Created at Fri Mar 24 2023 12:39:06 GMT+0300 (East Africa Time)
User love test(ID: 641d6fba52fff749b3fad51a) Logged in at Fri Mar 24 2023 12:39:06 GMT+0300 (East Africa Time)
User love test(ID: 641d7016f6ddf5d3159ddeac) was Created at Fri Mar 24 2023 12:40:38 GMT+0300 (East Africa Time)
User love test(ID: 641d7016f6ddf5d3159ddeac) Logged in at Fri Mar 24 2023 12:40:38 GMT+0300 (East Africa Time)
User love test(ID: 641d723243ea608a561d230b) was Created at Fri Mar 24 2023 12:49:38 GMT+0300 (East Africa Time)
User love test(ID: 641d723243ea608a561d230b) Logged in at Fri Mar 24 2023 12:49:38 GMT+0300 (East Africa Time)
User love test(ID: 641d756376d7771888565fce) was Created at Fri Mar 24 2023 13:03:16 GMT+0300 (East Africa Time)
User love test(ID: 641d756376d7771888565fce) Logged in at Fri Mar 24 2023 13:03:16 GMT+0300 (East Africa Time)